  [1m[35m (81.8ms)[0m  [1m[35mCREATE DATABASE "Goal_development" ENCODING = 'unicode'[0m
  ↳ bin/rails:9
  [1m[35m (27.0ms)[0m  [1m[35mCREATE DATABASE "Goal_test" ENCODING = 'unicode'[0m
  ↳ bin/rails:9
  [1m[35m (12.9ms)[0m  [1m[35mCREATE TABLE "schema_migrations" ("version" character varying NOT NULL PRIMARY KEY)[0m
  ↳ bin/rails:9
  [1m[35m (2.2ms)[0m  [1m[35mCREATE TABLE "ar_internal_metadata" ("key" character varying NOT NULL PRIMARY KEY, "value" character varying, "created_at" timestamp NOT NULL, "updated_at" timestamp NOT NULL)[0m
  ↳ bin/rails:9
  [1m[35m (0.2ms)[0m  [1m[34mSELECT pg_try_advisory_lock(2538584154318802065)[0m
  ↳ bin/rails:9
  [1m[35m (0.4ms)[0m  [1m[34mSELECT "schema_migrations"."version" FROM "schema_migrations" ORDER BY "schema_migrations"."version" ASC[0m
  ↳ bin/rails:9
Migrating to CreateUsers (20210818210019)
  [1m[35m (0.1ms)[0m  [1m[35mBEGIN[0m
  ↳ bin/rails:9
  [1m[35m (3.7ms)[0m  [1m[35mCREATE TABLE "users" ("id" bigserial primary key, "username" character varying NOT NULL, "password_digest" character varying NOT NULL, "session_token" character varying NOT NULL, "created_at" timestamp NOT NULL, "updated_at" timestamp NOT NULL)[0m
  ↳ db/migrate/20210818210019_create_users.rb:3
  [1m[35m (0.8ms)[0m  [1m[35mCREATE  INDEX  "index_users_on_session_token" ON "users"  ("session_token")[0m
  ↳ db/migrate/20210818210019_create_users.rb:9
  [1m[35m (0.5ms)[0m  [1m[35mCREATE  INDEX  "index_users_on_username" ON "users"  ("username")[0m
  ↳ db/migrate/20210818210019_create_users.rb:10
  [1m[36mActiveRecord::SchemaMigration Create (0.3ms)[0m  [1m[32mINSERT INTO "schema_migrations" ("version") VALUES ($1) RETURNING "version"[0m  [["version", "20210818210019"]]
  ↳ bin/rails:9
  [1m[35m (0.3ms)[0m  [1m[35mCOMMIT[0m
  ↳ bin/rails:9
  [1m[36mActiveRecord::InternalMetadata Load (0.3ms)[0m  [1m[34mSELECT  "ar_internal_metadata".* FROM "ar_internal_metadata" WHERE "ar_internal_metadata"."key" = $1 LIMIT $2[0m  [["key", "environment"], ["LIMIT", 1]]
  ↳ bin/rails:9
  [1m[35m (0.1ms)[0m  [1m[35mBEGIN[0m
  ↳ bin/rails:9
  [1m[36mActiveRecord::InternalMetadata Create (0.3ms)[0m  [1m[32mINSERT INTO "ar_internal_metadata" ("key", "value", "created_at", "updated_at") VALUES ($1, $2, $3, $4) RETURNING "key"[0m  [["key", "environment"], ["value", "development"], ["created_at", "2021-08-18 21:14:55.473284"], ["updated_at", "2021-08-18 21:14:55.473284"]]
  ↳ bin/rails:9
  [1m[35m (0.1ms)[0m  [1m[35mCOMMIT[0m
  ↳ bin/rails:9
  [1m[35m (0.1ms)[0m  [1m[34mSELECT pg_advisory_unlock(2538584154318802065)[0m
  ↳ bin/rails:9
  [1m[35m (0.1ms)[0m  [1m[34mSELECT "schema_migrations"."version" FROM "schema_migrations" ORDER BY "schema_migrations"."version" ASC[0m
  ↳ bin/rails:9
  [1m[35m (0.3ms)[0m  [1m[35mBEGIN[0m
  [1m[36mUser Exists (4.6ms)[0m  [1m[34mSELECT  1 AS one FROM "users" WHERE "users"."username" = $1 LIMIT $2[0m  [["username", "username"], ["LIMIT", 1]]
  [1m[36mUser Exists (0.5ms)[0m  [1m[34mSELECT  1 AS one FROM "users" WHERE "users"."session_token" IS NULL LIMIT $1[0m  [["LIMIT", 1]]
  [1m[35m (0.1ms)[0m  [1m[31mROLLBACK[0m
  [1m[35m (0.3ms)[0m  [1m[35mBEGIN[0m
  [1m[36mUser Exists (0.6ms)[0m  [1m[34mSELECT  1 AS one FROM "users" WHERE "users"."username" = $1 LIMIT $2[0m  [["username", "username"], ["LIMIT", 1]]
  [1m[36mUser Exists (0.3ms)[0m  [1m[34mSELECT  1 AS one FROM "users" WHERE "users"."session_token" = $1 LIMIT $2[0m  [["session_token", "S3nfq-np7IAtyKWWEtNNew"], ["LIMIT", 1]]
  [1m[36mUser Create (1.9ms)[0m  [1m[32mINSERT INTO "users" ("username", "password_digest", "session_token", "created_at", "updated_at") VALUES ($1, $2, $3, $4, $5) RETURNING "id"[0m  [["username", "username"], ["password_digest", "$2a$12$zpL/8JkF3VSuqGdt9q9Jl.kXQyT5k5MZ.Qixb57pTt6ze/bjPINjG"], ["session_token", "S3nfq-np7IAtyKWWEtNNew"], ["created_at", "2021-08-18 21:57:06.919881"], ["updated_at", "2021-08-18 21:57:06.919881"]]
  [1m[35m (0.7ms)[0m  [1m[35mCOMMIT[0m
  [1m[35m (168.6ms)[0m  [1m[35mCREATE DATABASE "Goal_development" ENCODING = 'unicode'[0m
  ↳ bin/rails:9
  [1m[35m (61.5ms)[0m  [1m[35mCREATE DATABASE "Goal_test" ENCODING = 'unicode'[0m
  ↳ bin/rails:9
